                                      1 ;--------------------------------------------------------
                                      2 ; File Created by SDCC : free open source ANSI-C Compiler
                                      3 ; Version 4.2.0 #13081 (MINGW64)
                                      4 ;--------------------------------------------------------
                                      5 	.module main
                                      6 	.optsdcc -mstm8
                                      7 	
                                      8 ;--------------------------------------------------------
                                      9 ; Public variables in this module
                                     10 ;--------------------------------------------------------
                                     11 	.globl _main
                                     12 ;--------------------------------------------------------
                                     13 ; ram data
                                     14 ;--------------------------------------------------------
                                     15 	.area DATA
                                     16 ;--------------------------------------------------------
                                     17 ; ram data
                                     18 ;--------------------------------------------------------
                                     19 	.area INITIALIZED
                                     20 ;--------------------------------------------------------
                                     21 ; Stack segment in internal ram
                                     22 ;--------------------------------------------------------
                                     23 	.area	SSEG
      000000                         24 __start__stack:
      000000                         25 	.ds	1
                                     26 
                                     27 ;--------------------------------------------------------
                                     28 ; absolute external ram data
                                     29 ;--------------------------------------------------------
                                     30 	.area DABS (ABS)
                                     31 
                                     32 ; default segment ordering for linker
                                     33 	.area HOME
                                     34 	.area GSINIT
                                     35 	.area GSFINAL
                                     36 	.area CONST
                                     37 	.area INITIALIZER
                                     38 	.area CODE
                                     39 
                                     40 ;--------------------------------------------------------
                                     41 ; interrupt vector
                                     42 ;--------------------------------------------------------
                                     43 	.area HOME
      000000                         44 __interrupt_vect:
      000000 82v00u00u00             45 	int s_GSINIT ; reset
                                     46 ;--------------------------------------------------------
                                     47 ; global & static initialisations
                                     48 ;--------------------------------------------------------
                                     49 	.area HOME
                                     50 	.area GSINIT
                                     51 	.area GSFINAL
                                     52 	.area GSINIT
      000000                         53 __sdcc_init_data:
                                     54 ; stm8_genXINIT() start
      000000 AEr00r00         [ 2]   55 	ldw x, #l_DATA
      000003 27 07            [ 1]   56 	jreq	00002$
      000005                         57 00001$:
      000005 72 4FuFFuFF      [ 1]   58 	clr (s_DATA - 1, x)
      000009 5A               [ 2]   59 	decw x
      00000A 26 F9            [ 1]   60 	jrne	00001$
      00000C                         61 00002$:
      00000C AEr00r00         [ 2]   62 	ldw	x, #l_INITIALIZER
      00000F 27 09            [ 1]   63 	jreq	00004$
      000011                         64 00003$:
      000011 D6uFFuFF         [ 1]   65 	ld	a, (s_INITIALIZER - 1, x)
      000014 D7uFFuFF         [ 1]   66 	ld	(s_INITIALIZED - 1, x), a
      000017 5A               [ 2]   67 	decw	x
      000018 26 F7            [ 1]   68 	jrne	00003$
      00001A                         69 00004$:
                                     70 ; stm8_genXINIT() end
                                     71 	.area GSFINAL
      000000 CCr00r04         [ 2]   72 	jp	__sdcc_program_startup
                                     73 ;--------------------------------------------------------
                                     74 ; Home
                                     75 ;--------------------------------------------------------
                                     76 	.area HOME
                                     77 	.area HOME
      000004                         78 __sdcc_program_startup:
      000004 CCr00r38         [ 2]   79 	jp	_main
                                     80 ;	return from main will return to caller
                                     81 ;--------------------------------------------------------
                                     82 ; code
                                     83 ;--------------------------------------------------------
                                     84 	.area CODE
                                     85 ;	main.c: 14: static inline void delay_ms(uint16_t ms) {
                                     86 ;	-----------------------------------------
                                     87 ;	 function delay_ms
                                     88 ;	-----------------------------------------
      000000                         89 _delay_ms:
      000000 52 0A            [ 2]   90 	sub	sp, #10
      000002 1F 05            [ 2]   91 	ldw	(0x05, sp), x
                                     92 ;	main.c: 16: for (i = 0; i < ((F_CPU / 18000UL) * ms); i++)
      000004 5F               [ 1]   93 	clrw	x
      000005 1F 09            [ 2]   94 	ldw	(0x09, sp), x
      000007 1F 07            [ 2]   95 	ldw	(0x07, sp), x
      000009                         96 00103$:
      000009 1E 05            [ 2]   97 	ldw	x, (0x05, sp)
      00000B 89               [ 2]   98 	pushw	x
      00000C AE 00 6F         [ 2]   99 	ldw	x, #0x006f
      00000F CDr00r00         [ 4]  100 	call	___muluint2ulong
      000012 5B 02            [ 2]  101 	addw	sp, #2
      000014 1F 03            [ 2]  102 	ldw	(0x03, sp), x
      000016 17 01            [ 2]  103 	ldw	(0x01, sp), y
      000018 1E 09            [ 2]  104 	ldw	x, (0x09, sp)
      00001A 13 03            [ 2]  105 	cpw	x, (0x03, sp)
      00001C 7B 08            [ 1]  106 	ld	a, (0x08, sp)
      00001E 12 02            [ 1]  107 	sbc	a, (0x02, sp)
      000020 7B 07            [ 1]  108 	ld	a, (0x07, sp)
      000022 12 01            [ 1]  109 	sbc	a, (0x01, sp)
      000024 24 0F            [ 1]  110 	jrnc	00105$
                                    111 ;	main.c: 17: __asm__("nop");
      000026 9D               [ 1]  112 	nop
                                    113 ;	main.c: 16: for (i = 0; i < ((F_CPU / 18000UL) * ms); i++)
      000027 1E 09            [ 2]  114 	ldw	x, (0x09, sp)
      000029 5C               [ 1]  115 	incw	x
      00002A 1F 09            [ 2]  116 	ldw	(0x09, sp), x
      00002C 26 DB            [ 1]  117 	jrne	00103$
      00002E 1E 07            [ 2]  118 	ldw	x, (0x07, sp)
      000030 5C               [ 1]  119 	incw	x
      000031 1F 07            [ 2]  120 	ldw	(0x07, sp), x
      000033 20 D4            [ 2]  121 	jra	00103$
      000035                        122 00105$:
                                    123 ;	main.c: 18: }
      000035 5B 0A            [ 2]  124 	addw	sp, #10
      000037 81               [ 4]  125 	ret
                                    126 ;	main.c: 20: void main() {
                                    127 ;	-----------------------------------------
                                    128 ;	 function main
                                    129 ;	-----------------------------------------
      000038                        130 _main:
                                    131 ;	main.c: 21: PB_DDR |= (1 << LED_PIN); // configure PD4 as output
      000038 72 1A 50 07      [ 1]  132 	bset	0x5007, #5
                                    133 ;	main.c: 22: PB_CR1 |= (1 << LED_PIN); // push-pull mode
      00003C 72 1A 50 08      [ 1]  134 	bset	0x5008, #5
                                    135 ;	main.c: 24: while (1) {
      000040                        136 00102$:
                                    137 ;	main.c: 26: PB_ODR ^= (1 << LED_PIN);
      000040 90 1A 50 05      [ 1]  138 	bcpl	0x5005, #5
                                    139 ;	main.c: 16: for (i = 0; i < ((F_CPU / 18000UL) * ms); i++)
      000044 90 5F            [ 1]  140 	clrw	y
      000046 5F               [ 1]  141 	clrw	x
      000047                        142 00107$:
      000047 90 A3 B1 98      [ 2]  143 	cpw	y, #0xb198
      00004B 9F               [ 1]  144 	ld	a, xl
      00004C A2 01            [ 1]  145 	sbc	a, #0x01
      00004E 9E               [ 1]  146 	ld	a, xh
      00004F A2 00            [ 1]  147 	sbc	a, #0x00
      000051 24 ED            [ 1]  148 	jrnc	00102$
                                    149 ;	main.c: 17: __asm__("nop");
      000053 9D               [ 1]  150 	nop
                                    151 ;	main.c: 16: for (i = 0; i < ((F_CPU / 18000UL) * ms); i++)
      000054 90 5C            [ 1]  152 	incw	y
      000056 26 EF            [ 1]  153 	jrne	00107$
      000058 5C               [ 1]  154 	incw	x
      000059 20 EC            [ 2]  155 	jra	00107$
                                    156 ;	main.c: 27: delay_ms(1000);
                                    157 ;	main.c: 29: }
      00005B 81               [ 4]  158 	ret
                                    159 	.area CODE
                                    160 	.area CONST
                                    161 	.area INITIALIZER
                                    162 	.area CABS (ABS)
